<?xml version="1.0" encoding="UTF-8"?>
<!-- Generated by org.testng.reporters.JUnitReportReporter -->
<testsuite hostname="Susmita" failures="0" tests="1" name="main.MainclassFW" time="9.221" errors="0" timestamp="2024-09-24T19:00:39 IST" skipped="0">
  <testcase classname="main.MainclassFW" name="myFirstTest" time="9.221"/>
</testsuite> <!-- main.MainclassFW -->
